# Date Time-Timezone RightMotor RightOppositeMotor GPIO60 GPIO48 GPIO49 GPIO117 GPIO115 GPIO112 GPIO20
2021-04-23 15:20:20-      0   0   0   0   0   0   0   0   0  
2021-04-23 15:20:21-      0   0   0   0   0   0   0   0   0  
2021-04-23 15:20:22-      0   0   0   0   0   0   0   0   0  
2021-04-23 15:20:23-      0   0   0   0   0   0   0   0   0  
2021-04-23 15:20:24-      0   0   0   0   0   0   0   0   0  
2021-04-23 15:20:25-      0   0   0   0   0   0   0   0   0  
2021-04-23 15:20:26-      0   0   0   0   0   0   0   0   0  
2021-04-23 15:20:27-      0   0   0   0   0   0   0   0   0  
2021-04-23 15:20:28-      0   0   0   0   0   0   0   0   0  
2021-04-23 15:20:29-      0   0   0   0   0   0   0   0   0  
2021-04-23 15:20:30-      0   0   0   0   0   0   0   0   0  
2021-04-23 15:20:31-      0   0   0   0   0   0   0   0   0  
2021-04-23 15:20:32-      0   0   0   0   0   0   0   0   0  
2021-04-23 15:20:33-      0   0   0   0   0   0   0   0   0  
2021-04-23 15:20:34-      0   0   0   0   0   0   0   0   0  
2021-04-23 15:20:35-      0   0   0   0   0   0   0   0   0  
2021-04-23 15:20:36-      0   0   0   0   0   0   0   0   0  
2021-04-23 15:20:37-      0   0   0   0   0   0   0   0   0  
2021-04-23 15:20:38-      0   0   0   0   0   0   0   0   0  
2021-04-23 15:20:39-      0   0   1   0   0   0   0   0   0  
2021-04-23 15:20:40-      0   0   0   0   0   0   0   0   0  
2021-04-23 15:20:41-      0   0   0   0   0   0   0   0   0  
2021-04-23 15:20:42-      0   0   0   0   0   0   0   0   0  
2021-04-23 15:20:43-      0   0   0   0   0   0   0   0   0  
2021-04-23 15:20:44-      0   0   0   0   0   0   0   0   0  
2021-04-23 15:20:45-      0   0   0   0   0   0   0   0   0  
2021-04-23 15:20:46-      0   0   0   0   0   0   0   0   0  
2021-04-23 15:20:47-      0   0   0   0   0   0   0   0   0  
2021-04-23 15:20:48-      0   0   0   0   0   0   0   0   0  
2021-04-23 15:20:49-      0   0   0   0   0   0   0   0   0  
2021-04-23 15:20:50-      0   0   0   0   0   0   0   0   0  
2021-04-23 15:20:51-      0   0   0   0   0   0   0   0   0  
2021-04-23 15:20:52-      0   0   0   0   0   0   0   0   0  
2021-04-23 15:20:53-      0   0   0   0   0   0   0   0   0  
2021-04-23 15:20:54-      0   0   0   0   0   0   0   0   0  
2021-04-23 15:20:55-      0   0   0   0   0   0   0   0   0  
2021-04-23 15:20:56-      0   0   0   0   0   0   0   0   0  
2021-04-23 15:20:57-      0   0   0   0   0   0   0   0   0  
2021-04-23 15:20:58-      0   0   0   0   0   0   0   0   0  
2021-04-23 15:20:59-      0   0   0   0   0   0   0   0   0  
2021-04-23 15:21:00-      0   0   0   0   0   0   0   0   0  
2021-04-23 15:21:01-      0   0   0   0   0   0   0   0   0  
2021-04-23 15:21:02-      0   0   0   0   0   0   0   0   0  
2021-04-23 15:21:03-      0   0   0   0   0   0   0   0   0  
2021-04-23 15:21:04-      0   0   0   0   0   0   0   0   0  
2021-04-23 15:21:05-      0   0   0   0   0   0   0   0   0  
2021-04-23 15:21:06-      0   0   0   0   0   0   0   0   0  
2021-04-23 15:21:07-      0   0   0   0   0   0   0   0   0  
2021-04-23 15:21:08-      0   0   0   0   0   0   0   0   0  
2021-04-23 15:21:09-      0   0   0   0   0   0   0   0   0  
2021-04-23 15:21:10-      0   0   0   0   0   0   0   0   0  
2021-04-23 15:21:11-      0   0   0   0   0   0   0   0   0  
2021-04-23 15:21:12-      0   0   0   0   0   0   0   0   0  
2021-04-23 15:21:13-      0   0   0   0   0   0   0   0   0  
2021-04-23 15:21:14-      0   0   0   1   0   0   0   0   0  
2021-04-23 15:21:15-      0   0   0   0   0   0   0   0   0  
2021-04-23 15:21:16-      0   0   0   0   0   0   0   0   0  
2021-04-23 15:21:17-      0   0   0   0   0   0   0   0   0  
2021-04-23 15:21:18-      0   0   0   0   0   0   0   0   0  
2021-04-23 15:21:19-      0   0   0   0   0   0   0   0   0  
2021-04-23 15:21:20-      0   0   0   0   0   0   0   0   0  
2021-04-23 15:21:21-      0   0   0   0   0   0   0   0   0  
2021-04-23 15:21:22-      0   0   0   0   0   0   0   0   0  
2021-04-23 15:21:23-      0   0   0   0   0   0   0   0   0  
2021-04-23 15:21:24-      0   0   0   0   0   0   0   0   0  
2021-04-23 15:21:25-      0   0   0   0   0   0   0   0   0  
2021-04-23 15:21:26-      0   0   0   0   0   0   0   0   0  
2021-04-23 15:21:27-      0   0   0   0   0   0   0   0   0  
2021-04-23 15:21:28-      0   0   0   0   0   0   0   0   0  
2021-04-23 15:21:29-      0   0   0   0   0   0   0   0   0  
2021-04-23 15:21:30-      0   0   0   0   0   0   0   0   0  
2021-04-23 15:21:31-      0   0   0   0   0   0   0   0   0  
2021-04-23 15:21:32-      0   0   0   0   0   0   0   0   0  
2021-04-23 15:21:33-      0   0   0   0   0   0   0   0   0  
2021-04-23 15:21:34-      0   0   0   0   0   0   0   0   0  
2021-04-23 15:21:35-      0   0   0   0   0   0   0   0   0  
2021-04-23 15:21:36-      0   0   0   0   0   0   0   0   0  
2021-04-23 15:21:37-      0   0   0   0   0   0   0   0   0  
2021-04-23 15:21:38-      0   0   0   0   0   0   0   0   0  
2021-04-23 15:21:39-      0   0   0   0   0   0   0   0   0  
2021-04-23 15:21:40-      0   0   0   0   1   0   0   0   0  
2021-04-23 15:21:41-      0   0   0   0   0   0   0   0   0  
2021-04-23 15:21:42-      0   0   0   0   0   0   0   0   0  
2021-04-23 15:21:43-      0   0   0   0   0   0   0   0   0  
2021-04-23 15:21:44-      0   0   0   0   0   0   0   0   0  
2021-04-23 15:21:45-      0   0   0   0   0   0   0   0   0  
2021-04-23 15:21:46-      0   0   0   0   0   0   0   0   0  
2021-04-23 15:21:47-      0   0   0   0   0   0   0   0   0  
2021-04-23 15:21:48-      0   0   0   0   0   0   0   0   0  
2021-04-23 15:21:49-      0   0   0   0   0   0   0   0   0  
2021-04-23 15:21:50-      0   0   0   0   0   0   0   0   0  
2021-04-23 15:21:51-      0   0   0   0   0   0   0   0   0  
2021-04-23 15:21:52-      0   0   0   0   0   0   0   0   0  
2021-04-23 15:21:53-      0   0   0   0   0   0   0   0   0  
2021-04-23 15:21:54-      0   0   0   0   0   0   0   0   0  
2021-04-23 15:21:55-      0   0   0   0   0   0   0   0   0  
2021-04-23 15:21:56-      0   0   0   0   0   0   0   0   0  
2021-04-23 15:21:57-      0   0   0   0   0   0   0   0   0  
2021-04-23 15:21:58-      0   0   0   0   0   0   0   0   0  
2021-04-23 15:21:59-      0   0   0   0   0   1   0   0   0  
2021-04-23 15:22:00-      0   0   0   0   0   1   0   0   0  
2021-04-23 15:22:01-      0   0   0   0   0   0   0   0   0  
2021-04-23 15:22:02-      0   0   0   0   0   0   0   0   0  
2021-04-23 15:22:03-      0   0   0   0   0   0   1   0   0  
2021-04-23 15:22:04-      0   0   0   0   0   0   1   0   0  
2021-04-23 15:22:05-      0   0   0   0   0   0   0   0   0  
2021-04-23 15:22:06-      0   0   0   0   0   0   0   0   0  
2021-04-23 15:22:07-      0   0   0   0   0   0   0   0   0  
2021-04-23 15:22:08-      0   0   0   0   0   0   0   0   0  
2021-04-23 15:22:09-      0   0   0   0   0   0   0   0   0  
2021-04-23 15:22:10-      0   0   0   0   0   0   0   0   0  
2021-04-23 15:22:11-      0   0   0   0   0   0   0   0   0  
2021-04-23 15:22:12-      0   0   0   0   0   0   0   0   0  
2021-04-23 15:22:13-      0   0   0   0   0   0   0   0   0  
2021-04-23 15:22:14-      0   0   0   0   0   0   0   0   0  
2021-04-23 15:22:15-      0   0   0   0   0   0   0   0   0  
2021-04-23 15:22:16-      0   0   0   0   0   0   0   0   0  
2021-04-23 15:22:17-      0   0   0   0   0   0   0   0   0  
2021-04-23 15:22:18-      0   0   0   0   0   0   0   0   0  
2021-04-23 15:22:19-      0   0   0   0   0   0   0   0   0  
2021-04-23 15:22:20-      0   0   0   0   0   0   0   0   0  
2021-04-23 15:22:21-      0   0   0   0   0   0   0   0   0  
2021-04-23 15:22:22-      0   0   0   0   0   0   0   0   0  
2021-04-23 15:22:24-      0   0   0   0   0   0   0   0   0  
2021-04-23 15:22:25-      0   0   0   0   0   0   0   0   0  
2021-04-23 15:22:26-      0   0   0   0   0   0   0   0   0  
2021-04-23 15:22:27-      0   0   0   0   0   0   0   0   0  
2021-04-23 15:22:28-      0   0   0   0   0   0   0   0   0  
2021-04-23 15:22:29-      0   0   0   0   0   0   0   0   0  
2021-04-23 15:22:30-      0   0   0   0   0   0   0   0   0  
2021-04-23 15:22:31-      0   0   0   0   0   0   0   0   0  
2021-04-23 15:22:32-      0   0   0   0   0   0   0   0   0  
2021-04-23 15:22:33-      0   0   0   0   0   0   0   0   0  
2021-04-23 15:22:34-      0   0   0   0   0   0   0   0   0  
2021-04-23 15:22:35-      0   0   0   0   0   0   0   0   0  
2021-04-23 15:22:36-      0   0   0   0   0   0   0   0   0  
2021-04-23 15:22:37-      0   0   0   0   0   0   0   1   0  
2021-04-23 15:22:38-      0   0   0   0   0   0   0   0   0  
2021-04-23 15:22:39-      0   0   0   0   0   0   0   0   0  
2021-04-23 15:22:40-      0   0   0   0   0   0   0   0   0  
2021-04-23 15:22:41-      0   0   0   0   0   0   0   0   0  
2021-04-23 15:22:42-      0   0   0   0   0   0   0   0   0  
2021-04-23 15:22:43-      0   0   0   0   0   0   0   0   0  
2021-04-23 15:22:44-      0   0   0   0   0   0   0   0   0  
2021-04-23 15:22:45-      0   0   0   0   0   0   0   0   0  
2021-04-23 15:22:46-      0   0   0   0   0   0   0   0   0  
2021-04-23 15:22:47-      0   0   0   0   0   0   0   0   0  
2021-04-23 15:22:48-      0   0   0   0   0   0   0   0   0  
2021-04-23 15:22:49-      0   0   0   0   0   0   0   0   0  
2021-04-23 15:22:50-      0   0   0   0   0   0   0   0   0  
2021-04-23 15:22:51-      0   0   0   0   0   0   0   0   0  
2021-04-23 15:22:52-      0   0   0   0   0   0   0   0   1  
2021-04-23 15:22:53-      0   0   0   0   0   0   0   0   0  
2021-04-23 15:22:54-      0   0   0   0   0   0   0   0   0  
2021-04-23 15:22:55-      0   0   0   0   0   0   0   0   0  
2021-04-23 15:22:56-      0   0   0   0   0   0   0   0   0  
2021-04-23 15:22:57-      0   0   0   0   0   0   0   0   0  
2021-04-23 15:22:58-      0   0   0   0   0   0   0   0   0  
2021-04-23 15:22:59-      0   0   0   0   0   0   0   0   0  
2021-04-23 15:23:00-      0   0   0   0   0   0   0   0   0  
2021-04-23 15:23:01-      0   0   0   0   0   0   0   0   0  
2021-04-23 15:23:02-      0   0   0   0   0   0   0   0   0  
2021-04-23 15:23:03-      0   0   0   0   0   0   0   0   0  
2021-04-23 15:23:04-      0   0   0   0   0   0   0   0   0  
2021-04-23 15:23:05-      0   0   0   0   0   0   0   0   0  
2021-04-23 15:23:06-      0   0   0   0   0   0   0   0   0  
2021-04-23 15:23:07-      0   0   0   0   0   0   0   0   0  
2021-04-23 15:23:08-      0   0   0   0   0   0   0   0   0  
2021-04-23 20:37:21-      0   0   0   0   0   0   0   0  
2021-04-23 20:37:22-      0   0   0   0   0   0   0   0  
2021-04-23 20:37:23-      0   0   0   0   0   0   0   0  
2021-04-23 20:37:24-      0   0   0   0   0   0   0   0  
2021-04-23 20:37:25-      0   0   0   0   0   0   0   0  
2021-04-23 20:37:26-      0   0   0   0   0   0   0   0  
2021-04-23 20:37:27-      0   0   0   0   0   0   0   0  
2021-04-23 20:37:28-      0   0   0   0   0   0   0   0  
2021-04-23 20:37:29-      0   0   0   0   0   0   0   0  
2021-04-23 20:37:30-      0   0   0   0   0   0   0   0  
2021-04-23 20:37:31-      0   0   0   0   0   0   0   0  
2021-04-23 20:37:32-      0   0   0   0   0   0   0   0  
2021-04-23 20:37:33-      0   0   0   0   0   0   0   0  
2021-04-23 20:37:34-      0   0   0   0   0   0   0   0  
2021-04-23 20:37:35-      0   0   0   0   0   0   0   0  
2021-04-23 20:37:36-      0   0   0   0   0   0   0   0  
2021-04-23 20:37:37-      0   0   0   0   0   0   0   0  
2021-04-23 20:37:38-      0   0   0   0   0   0   0   0  
2021-04-23 20:37:39-      0   0   0   0   0   0   0   0  
2021-04-23 20:37:40-      0   0   0   0   0   0   0   0  
2021-04-23 20:37:41-      0   0   0   0   0   0   0   0  
2021-04-23 20:37:42-      0   0   0   0   0   0   0   0  
2021-04-23 20:37:43-      0   0   0   0   0   0   0   0  
2021-04-23 20:37:44-      0   0   0   0   0   0   0   0  
2021-04-23 20:37:45-      0   0   0   0   0   0   0   0  
2021-04-23 20:37:46-      0   0   0   0   0   0   0   0  
2021-04-23 20:37:47-      0   0   0   0   0   0   0   0  
2021-04-23 20:37:48-      0   0   0   0   0   0   0   0  
2021-04-23 20:37:49-      0   0   0   0   0   0   0   0  
2021-04-23 20:37:50-      0   0   0   0   0   0   0   0  
2021-04-23 20:37:51-      0   0   0   0   0   0   0   0  
2021-04-23 20:37:52-      0   0   0   0   0   0   0   0  
2021-04-23 20:37:53-      0   0   0   0   0   0   0   0  
2021-04-23 20:37:54-      0   0   0   0   0   0   0   0  
2021-04-23 20:37:55-      0   0   0   0   0   0   0   0  
2021-04-23 20:37:56-      0   0   0   0   0   0   0   0  
2021-04-23 20:37:57-      0   0   0   0   0   0   0   0  
2021-04-23 20:37:58-      0   0   0   0   0   0   0   0  
2021-04-23 20:37:59-      0   0   0   0   0   0   0   0  
2021-04-23 20:38:00-      0   0   0   0   0   0   0   0  
2021-04-23 20:38:01-      0   0   0   0   0   0   0   0  
2021-04-23 20:38:02-      0   0   0   0   0   0   0   0  
2021-04-23 20:38:03-      0   0   0   0   0   0   0   0  
2021-04-23 20:38:04-      0   0   0   0   0   0   0   0  
2021-04-23 20:38:05-      0   0   0   0   0   0   0   0  
2021-04-23 20:38:06-      0   0   0   0   0   0   0   0  
2021-04-23 20:38:07-      0   0   0   0   0   0   0   0  
2021-04-23 20:38:08-      0   0   0   0   0   0   0   0  
2021-04-23 20:38:09-      0   0   0   0   0   0   0   0  
2021-04-23 20:38:10-      0   0   0   0   0   0   0   0  
2021-04-23 20:38:11-      0   0   0   0   0   0   0   0  
2021-04-23 20:38:12-      0   0   0   0   0   0   0   0  
2021-04-23 20:38:13-      0   0   0   0   0   0   0   0  
2021-04-23 20:38:14-      0   0   0   0   0   0   0   0  
2021-04-23 20:38:15-      0   0   0   0   0   0   0   0  
2021-04-23 20:38:16-      0   0   0   0   0   0   0   0  
2021-04-23 20:38:17-      0   0   0   0   0   0   0   0  
2021-04-23 20:38:18-      0   0   0   0   0   0   0   0  
2021-04-23 20:38:19-      0   0   0   0   0   0   0   0  
2021-04-23 20:38:20-      0   0   0   0   0   0   0   0  
2021-04-23 20:38:21-      0   0   0   0   0   0   0   0  
2021-04-23 20:38:22-      0   0   0   0   0   0   0   0  
2021-04-23 20:38:23-      0   0   0   0   0   0   0   0  
2021-04-23 20:38:24-      0   0   0   0   0   0   0   0  
2021-04-23 20:38:25-      0   0   0   0   0   0   0   0  
2021-04-23 20:38:26-      0   0   0   0   0   0   0   0  
2021-04-23 20:38:27-      0   0   0   0   0   0   0   0  
2021-04-23 20:38:28-      0   0   0   0   0   0   0   0  
2021-04-23 20:38:29-      0   0   0   0   0   0   0   0  
2021-04-23 20:38:30-      0   0   0   0   0   0   0   0  
2021-04-23 20:38:31-      0   0   0   0   0   0   0   0  
2021-04-23 20:38:32-      0   0   0   0   0   0   0   0  
2021-04-23 20:38:33-      0   0   0   0   0   0   0   0  
2021-04-23 20:38:34-      0   0   0   0   0   0   0   0  
2021-04-23 20:38:35-      0   0   0   0   0   0   0   0  
2021-04-23 20:38:36-      0   0   0   0   0   0   0   0  
2021-04-23 20:38:37-      0   0   0   0   0   0   0   0  
2021-04-23 20:38:38-      0   0   0   0   0   0   0   0  
2021-04-23 20:38:39-      0   0   0   0   0   0   0   0  
2021-04-23 20:38:40-      0   0   0   0   0   0   0   0  
2021-04-23 20:38:41-      0   0   0   0   0   0   0   0  
2021-04-23 20:38:42-      0   0   0   0   0   0   0   0  
2021-04-23 20:38:43-      0   0   0   0   0   0   0   0  
2021-04-23 20:38:44-      0   0   0   0   0   0   0   0  
2021-04-23 20:38:45-      0   0   0   0   0   0   0   0  
2021-04-23 20:38:46-      0   0   0   0   0   0   0   0  
2021-04-23 20:38:47-      0   0   0   0   0   1   0   0  
2021-04-23 20:38:48-      0   0   0   0   0   0   0   0  
2021-04-23 20:38:49-      0   0   0   0   0   0   0   0  
2021-04-23 20:38:50-      0   0   0   0   0   0   0   0  
2021-04-23 20:38:51-      0   0   0   0   1   0   0   0  
2021-04-23 20:38:52-      0   0   0   0   0   0   0   0  
2021-04-23 20:38:53-      0   0   0   0   1   1   0   0  
2021-04-23 20:38:54-      0   0   0   0   1   1   0   0  
2021-04-23 20:38:55-      0   0   0   0   0   0   0   0  
2021-04-23 20:38:56-      0   0   0   0   0   0   0   0  
2021-04-23 20:38:57-      0   0   0   0   0   0   0   0  
2021-04-23 20:38:58-      0   0   0   0   0   0   0   0  
2021-04-23 20:38:59-      0   0   0   0   0   0   0   0  
2021-04-23 20:39:00-      0   0   0   0   0   0   0   0  
2021-04-23 20:39:01-      0   0   0   0   0   0   0   0  
2021-04-23 20:39:02-      0   0   0   0   0   0   0   0  
2021-04-23 20:39:03-      0   0   0   0   0   0   0   0  
2021-04-23 20:39:04-      0   0   0   0   0   0   0   0  
2021-04-23 20:39:05-      0   0   0   0   0   0   0   0  
2021-04-23 20:39:06-      0   0   0   0   0   0   0   0  
2021-04-23 20:39:07-      0   0   0   0   0   0   0   0  
2021-04-23 20:39:08-      0   0   0   0   0   0   0   0  
2021-04-23 20:39:09-      0   0   0   0   0   0   0   0  
2021-04-23 20:39:10-      0   0   0   0   0   0   0   0  
2021-04-23 20:39:11-      0   0   0   0   0   0   0   0  
2021-04-23 20:39:12-      0   0   0   0   0   0   0   0  
2021-04-23 20:39:13-      0   0   0   0   0   0   0   0  
2021-04-23 20:39:14-      0   0   0   0   0   0   0   0  
2021-04-23 20:39:15-      0   0   0   0   0   0   0   0  
2021-04-23 20:39:16-      0   0   0   0   0   0   0   0  
2021-04-23 20:39:17-      0   0   0   0   0   0   0   0  
2021-04-23 20:39:18-      0   0   0   0   0   0   0   0  
2021-04-23 20:39:20-      0   0   0   0   0   0   0   0  
2021-04-23 20:39:21-      0   0   0   0   0   0   0   0  
2021-04-23 20:39:22-      0   0   0   0   0   0   0   0  
2021-04-23 20:39:23-      0   0   0   0   0   0   0   0  
2021-04-23 20:39:24-      0   0   0   0   0   0   0   0  
2021-04-23 20:39:25-      0   0   0   0   0   0   0   0  
2021-04-23 20:39:26-      0   0   0   0   0   0   0   0  
2021-04-23 20:39:27-      0   0   0   0   0   0   0   0  
2021-04-23 20:39:28-      0   0   0   0   0   0   0   0  
2021-04-23 20:39:29-      0   0   0   0   0   0   0   0  
2021-04-23 20:39:30-      0   0   0   0   0   0   0   0  
2021-04-23 20:39:31-      0   0   0   0   0   0   0   0  
2021-04-23 20:39:32-      0   0   0   0   0   0   0   0  
2021-04-23 20:39:33-      0   0   0   0   0   0   0   0  
2021-04-23 20:39:34-      0   0   0   0   0   0   0   0  
2021-04-23 20:39:35-      0   0   0   0   0   0   0   0  
2021-04-23 20:39:36-      0   0   0   0   0   0   0   0  
2021-04-23 20:39:37-      0   0   0   0   0   0   0   0  
2021-04-23 20:39:38-      0   0   0   0   0   0   0   0  
2021-04-23 20:39:39-      0   0   0   0   0   0   0   0  
2021-04-23 20:39:40-      0   0   0   0   0   0   0   0  
2021-04-23 20:39:41-      0   0   0   0   0   0   0   0  
2021-04-23 20:39:42-      0   0   0   0   0   0   0   0  
2021-04-23 20:39:43-      0   0   0   0   0   0   0   0  
2021-04-23 20:39:44-      0   0   0   0   0   0   0   0  
2021-04-23 20:39:45-      0   0   0   0   0   0   0   0  
2021-04-23 20:39:46-      0   0   0   0   0   0   0   0  
2021-04-23 20:39:47-      0   0   0   0   0   0   0   0  
2021-04-23 20:39:48-      0   0   0   0   0   0   0   0  
2021-04-23 20:39:49-      0   0   0   0   0   0   0   0  
2021-04-23 20:39:50-      0   0   0   0   0   0   0   0  
2021-04-23 20:39:51-      0   0   0   0   0   0   0   0  
2021-04-23 20:39:52-      0   0   0   0   0   0   0   0  
2021-04-23 20:39:53-      0   0   0   0   0   0   0   0  
2021-04-23 20:39:54-      0   0   0   0   0   0   0   0  
2021-04-23 20:39:55-      0   0   0   0   0   0   0   0  
2021-04-23 20:39:56-      0   0   0   0   0   0   0   0  
2021-04-23 20:39:57-      0   0   0   0   0   0   0   0  
2021-04-23 20:39:58-      0   0   0   0   0   0   0   0  
2021-04-23 20:39:59-      0   0   0   0   0   0   0   0  
2021-04-23 20:40:00-      0   0   0   0   0   0   0   0  
2021-04-23 20:40:01-      0   0   0   0   0   0   0   0  
2021-04-23 20:40:02-      0   0   0   0   0   0   0   0  
2021-04-23 20:40:03-      0   0   0   0   0   0   0   0  
2021-04-23 20:40:04-      0   0   0   0   0   0   0   0  
2021-04-23 20:40:05-      0   0   0   0   0   0   0   0  
2021-04-23 20:40:06-      0   0   0   0   0   0   0   0  
2021-04-23 20:40:07-      0   0   0   0   0   0   0   0  
2021-04-23 20:40:08-      0   0   0   0   0   0   0   0  
2021-04-23 20:40:09-      0   0   0   0   0   0   0   0  
2021-04-23 20:40:10-      0   0   0   0   0   0   0   0  
2021-04-23 20:40:11-      0   0   0   0   0   0   0   0  
2021-04-23 20:40:12-      0   0   0   0   0   0   0   0  
2021-04-23 20:40:13-      0   0   0   0   0   0   0   0  
2021-04-23 20:40:14-      0   0   0   0   0   0   0   0  
2021-04-23 20:40:15-      0   0   0   0   0   0   0   0  
2021-04-23 20:40:16-      0   0   0   0   0   0   0   0  
2021-04-23 20:40:17-      0   0   0   0   0   0   0   0  
2021-04-23 20:40:18-      0   0   0   0   0   0   0   0  
2021-04-23 20:40:19-      0   0   0   0   0   0   0   0  
2021-04-23 20:40:20-      0   0   0   0   0   0   0   0  
2021-04-23 20:40:21-      0   0   0   0   0   0   0   0  
2021-04-23 20:40:22-      0   0   0   0   0   0   0   0  
2021-04-23 20:40:23-      0   0   0   0   0   0   0   0  
2021-04-23 20:40:24-      0   0   0   0   0   0   0   0  
2021-04-23 20:40:25-      0   0   0   0   0   0   0   0  
2021-04-23 20:40:26-      0   0   0   0   0   0   0   0  
2021-04-23 20:40:27-      0   0   0   0   0   0   0   0  
2021-04-23 20:40:28-      0   0   0   0   0   0   0   0  
2021-04-23 20:40:29-      0   0   0   0   0   0   0   0  
2021-04-23 20:40:30-      0   0   0   0   0   0   0   0  
2021-04-23 20:40:31-      0   0   0   0   0   0   0   0  
2021-04-23 20:40:32-      0   0   0   0   0   0   0   0  
2021-04-23 20:40:33-      0   0   0   0   0   0   0   0  
2021-04-23 20:40:34-      0   0   0   0   0   0   0   0  
2021-04-23 20:40:35-      0   0   0   0   0   0   0   0  
2021-04-23 20:40:36-      0   0   0   0   0   0   0   0  
2021-04-23 20:40:37-      0   0   0   0   0   0   0   0  
2021-04-23 20:40:38-      0   0   0   0   0   0   0   0  
2021-04-23 20:40:39-      0   0   0   0   0   0   0   0  
2021-04-23 20:40:40-      0   0   0   0   0   0   0   0  
2021-04-23 20:40:41-      0   0   0   0   0   0   0   0  
2021-04-23 20:40:42-      0   0   0   0   0   0   0   0  
2021-04-23 20:40:43-      0   0   0   0   0   0   0   0  
2021-04-23 20:40:44-      0   0   0   0   0   0   0   0  
2021-04-23 20:40:45-      0   0   0   0   0   0   0   0  
2021-04-23 20:40:46-      0   0   0   0   0   0   0   0  
2021-04-23 20:40:47-      0   0   0   0   0   0   0   0  
2021-04-23 20:40:48-      0   0   0   0   0   0   0   0  
2021-04-23 20:40:49-      0   0   0   0   0   0   0   0  
2021-04-23 20:40:50-      0   0   0   0   0   0   0   0  
2021-04-23 20:40:51-      0   0   0   0   0   0   0   0  
2021-04-23 20:40:52-      0   0   0   0   0   0   0   0  
2021-04-23 20:40:53-      0   0   0   0   0   0   0   0  
2021-04-23 20:40:54-      0   0   0   0   0   0   0   0  
2021-04-23 20:40:55-      0   0   0   0   0   0   0   0  
2021-04-23 20:40:56-      0   0   0   0   0   0   0   0  
2021-04-23 20:40:57-      0   0   0   0   0   0   0   0  
2021-04-23 20:40:58-      0   0   0   0   0   0   0   0  
2021-04-23 20:40:59-      0   0   0   0   0   0   0   0  
2021-04-23 20:41:00-      0   0   0   0   0   0   0   0  
2021-04-23 20:41:01-      0   0   0   0   0   0   0   0  
2021-04-23 20:41:02-      0   0   0   0   0   0   0   0  
2021-04-23 20:41:03-      0   0   0   0   0   0   0   0  
2021-04-23 20:41:04-      0   0   0   0   0   0   0   0  
2021-04-23 20:41:05-      0   0   0   0   0   0   0   0  
2021-04-23 20:41:06-      0   0   0   0   0   0   0   0  
2021-04-23 20:41:07-      0   0   0   0   0   0   0   0  
2021-04-23 20:41:08-      0   0   0   0   0   0   0   0  
2021-04-23 20:41:09-      0   0   0   0   0   0   0   0  
2021-04-23 20:41:10-      0   0   0   0   0   0   0   0  
2021-04-23 20:41:11-      0   0   0   0   0   0   0   0  
2021-04-23 20:41:12-      0   0   0   0   0   0   0   0  
2021-04-23 20:41:13-      0   0   0   0   0   0   0   0  
2021-04-23 20:41:14-      0   0   0   0   0   0   0   0  
2021-04-23 20:41:15-      0   0   0   0   0   0   0   0  
2021-04-23 20:41:16-      0   0   0   0   0   0   0   0  
2021-04-23 20:41:17-      0   0   0   0   0   0   0   0  
2021-04-23 20:41:18-      0   0   0   0   0   0   0   0  
2021-04-23 20:41:19-      0   0   0   0   0   0   0   0  
2021-04-23 20:41:20-      0   0   0   0   0   0   0   0  
2021-04-23 20:41:21-      0   0   0   0   0   0   0   0  
2021-04-23 20:41:22-      0   0   0   0   0   0   0   0  
2021-04-23 20:41:23-      0   0   0   0   0   0   0   0  
2021-04-23 20:41:24-      0   0   0   0   0   0   0   0  
2021-04-23 20:41:25-      0   0   0   0   0   0   0   0  
2021-04-23 20:41:26-      0   0   0   0   0   0   0   0  
2021-04-23 20:41:27-      0   0   0   0   0   0   0   0  
2021-04-23 20:41:28-      0   0   0   0   0   0   0   0  
2021-04-23 20:41:29-      0   0   0   0   0   0   0   0  
2021-04-23 20:41:30-      0   0   0   0   0   0   0   0  
2021-04-23 20:41:31-      0   0   0   0   0   0   0   0  
2021-04-23 20:41:32-      0   0   0   0   0   0   0   0  
2021-04-23 20:41:33-      0   0   0   0   0   0   0   0  
2021-04-23 20:41:34-      0   0   0   0   0   0   0   0  
2021-04-23 20:41:35-      0   0   0   0   0   0   0   0  
2021-04-23 20:41:36-      0   0   0   0   0   0   0   0  
2021-04-23 20:41:37-      0   0   0   0   0   0   0   0  
2021-04-23 20:41:38-      0   0   0   0   0   0   0   0  
2021-04-23 20:41:39-      0   0   0   0   0   0   0   0  
2021-04-23 20:41:40-      0   0   0   0   0   0   0   0  
2021-04-23 20:41:41-      0   0   0   0   0   0   0   0  
2021-04-23 20:41:42-      0   0   0   0   0   0   0   0  
2021-04-23 20:41:43-      0   0   0   0   0   0   0   0  
2021-04-23 20:41:44-      0   0   0   0   0   0   0   0  
2021-04-23 20:41:45-      0   0   0   0   0   0   0   0  
2021-04-23 20:41:46-      0   0   0   0   0   0   0   0  
2021-04-23 20:41:47-      0   0   0   0   0   0   0   0  
2021-04-23 20:41:48-      0   0   0   0   0   0   0   0  
2021-04-23 20:41:49-      0   0   0   0   0   0   0   0  
2021-04-23 20:41:50-      0   0   0   0   0   0   0   0  
2021-04-23 20:41:51-      0   0   0   0   0   0   0   0  
2021-04-23 20:41:52-      0   0   0   0   0   0   0   0  
2021-04-23 20:41:53-      0   0   0   0   0   0   0   0  
2021-04-23 20:41:54-      0   0   0   0   0   0   0   0  
2021-04-23 20:41:55-      0   0   0   0   0   0   0   0  
2021-04-23 20:41:56-      0   0   0   0   0   0   0   0  
2021-04-23 20:41:57-      0   0   0   0   0   0   0   0  
2021-04-23 20:41:58-      0   0   0   0   0   0   0   0  
2021-04-23 20:41:59-      0   0   0   0   0   0   0   0  
2021-04-23 20:42:00-      0   0   0   0   0   0   0   0  
2021-04-23 20:42:01-      0   0   0   0   0   0   0   0  
2021-04-23 20:42:02-      0   0   0   0   0   0   0   0  
2021-04-23 20:42:03-      0   0   0   0   0   0   0   0  
2021-04-23 20:42:04-      0   0   0   0   0   0   0   0  
2021-04-23 20:42:05-      0   0   0   0   0   0   0   0  
2021-04-23 20:42:06-      0   0   0   0   0   0   0   0  
2021-04-23 20:42:07-      0   0   0   0   0   0   0   0  
2021-04-23 20:42:08-      0   0   0   0   0   0   0   0  
2021-04-23 20:42:09-      0   0   0   0   0   0   0   0  
2021-04-23 20:42:10-      0   0   0   0   0   0   0   0  
2021-04-23 20:42:11-      0   0   0   0   0   0   0   0  
2021-04-23 20:42:12-      0   0   0   0   0   0   0   0  
2021-04-23 20:42:13-      0   0   0   0   0   0   0   0  
2021-04-23 20:42:14-      0   0   0   0   0   0   0   0  
2021-04-23 20:42:15-      0   0   0   0   0   0   0   0  
2021-04-23 20:42:16-      0   0   0   0   0   0   0   0  
2021-04-23 20:42:17-      0   0   0   0   0   0   0   0  
2021-04-23 20:42:18-      0   0   0   0   0   0   0   0  
2021-04-23 20:42:19-      0   0   0   0   0   0   0   0  
2021-04-23 20:42:20-      0   0   0   0   0   0   0   0  
2021-04-23 20:42:21-      0   0   0   0   0   0   0   0  
2021-04-23 20:42:22-      0   0   0   0   0   0   0   0  
2021-04-23 20:42:23-      0   0   0   0   0   0   0   0  
2021-04-23 20:42:24-      0   0   0   0   0   0   0   0  
2021-04-23 20:42:25-      0   0   0   0   0   0   0   0  
2021-04-23 20:42:26-      0   0   0   0   0   0   0   0  
2021-04-23 20:42:27-      0   0   0   0   0   0   0   0  
2021-04-23 20:42:28-      0   0   0   0   0   0   0   0  
2021-04-23 20:42:29-      0   0   0   0   0   0   0   0  
2021-04-23 20:42:30-      0   0   0   0   0   0   0   0  
2021-04-23 20:42:31-      0   0   0   0   0   0   0   0  
2021-04-23 20:42:32-      0   0   0   0   0   0   0   0  
2021-04-23 20:42:33-      0   0   0   0   0   0   0   0  
2021-04-23 20:42:34-      0   0   0   0   0   0   0   0  
2021-04-23 20:42:35-      0   0   0   0   0   0   0   0  
2021-04-23 20:42:36-      0   0   0   0   0   0   0   0  
2021-04-23 20:42:37-      0   0   0   0   0   0   0   0  
2021-04-23 20:42:38-      0   0   0   0   0   0   0   0  
2021-04-23 20:42:39-      0   0   0   0   0   0   0   0  
2021-04-23 20:42:40-      0   0   0   0   0   0   0   0  
2021-04-23 20:42:41-      0   0   0   0   0   0   0   0  
2021-04-23 20:42:42-      0   0   0   0   0   0   0   0  
2021-04-23 20:42:43-      0   0   0   0   0   0   0   0  
2021-04-23 20:42:44-      0   0   0   0   0   0   0   0  
2021-04-23 20:42:45-      0   0   0   0   0   0   0   0  
2021-04-23 20:42:46-      0   0   0   0   0   0   0   0  
2021-04-23 20:42:47-      0   0   0   0   0   0   0   0  
2021-04-23 20:42:48-      0   0   0   0   0   0   0   0  
2021-04-23 20:42:49-      0   0   0   0   0   0   0   0  
2021-04-23 20:42:50-      0   0   0   0   0   0   0   0  
2021-04-23 20:42:51-      0   0   0   0   0   0   0   0  
2021-04-23 20:42:52-      0   0   0   0   0   0   0   0  
2021-04-23 20:42:53-      0   0   0   0   0   0   0   0  
2021-04-23 20:42:54-      0   0   0   0   0   0   0   0  
2021-04-23 20:42:55-      0   0   0   0   0   0   0   0  
2021-04-23 20:42:56-      0   0   0   0   0   0   0   0  
2021-04-23 20:42:57-      0   0   0   0   0   0   0   0  
2021-04-23 20:42:58-      0   0   0   0   0   0   0   0  
2021-04-23 20:42:59-      0   0   0   0   0   0   0   0  
2021-04-23 20:43:00-      0   0   0   0   0   0   0   0  
2021-04-23 20:43:01-      0   0   0   0   0   0   0   0  
2021-04-23 20:43:02-      0   0   0   0   0   0   0   0  
2021-04-23 20:43:03-      0   0   0   0   0   0   0   0  
2021-04-23 20:43:04-      0   0   0   0   0   0   0   0  
2021-04-23 20:43:05-      0   0   0   0   0   0   0   0  
2021-04-23 20:43:06-      0   0   0   0   0   0   0   0  
2021-04-23 20:43:07-      0   0   0   0   0   0   0   0  
2021-04-23 20:43:08-      0   0   0   0   0   0   0   0  
2021-04-23 20:43:09-      0   0   0   0   0   0   0   0  
2021-04-23 20:43:10-      0   0   0   0   0   0   0   0  
2021-04-23 20:43:11-      0   0   0   0   0   0   0   0  
2021-04-23 20:43:12-      0   0   0   0   0   0   0   0  
2021-04-23 20:43:13-      0   0   0   0   0   0   0   0  
2021-04-23 20:43:14-      0   0   0   0   0   0   0   0  
2021-04-23 20:43:15-      0   0   0   0   0   0   0   0  
2021-04-23 20:43:16-      0   0   0   0   0   0   0   0  
2021-04-23 20:43:17-      0   0   0   0   0   0   0   0  
2021-04-23 20:43:18-      0   0   0   0   0   0   0   0  
2021-04-23 20:43:19-      0   0   0   0   0   0   0   0  
2021-04-23 20:43:20-      0   0   0   0   0   0   0   0  
2021-04-23 20:43:21-      0   0   0   0   0   0   0   0  
2021-04-23 20:43:22-      0   0   0   0   0   0   0   0  
2021-04-23 20:43:23-      0   0   0   0   0   0   0   0  
2021-04-23 20:43:24-      0   0   0   0   0   0   0   0  
2021-04-23 20:43:25-      0   0   0   0   0   0   0   0  
2021-04-23 20:43:26-      0   0   0   0   0   0   0   0  
2021-04-23 20:43:27-      0   0   0   0   0   0   0   0  
2021-04-23 20:43:28-      0   0   0   0   0   0   0   0  
2021-04-23 20:43:29-      0   0   0   0   0   0   0   0  
2021-04-23 20:43:30-      0   0   0   0   0   0   0   0  
2021-04-23 20:43:31-      0   0   0   0   0   0   0   0  
2021-04-23 20:43:32-      0   0   0   0   0   0   0   0  
2021-04-23 20:43:33-      0   0   0   0   0   0   0   0  
2021-04-23 20:43:34-      0   0   0   0   0   0   0   0  
2021-04-23 20:43:35-      0   0   0   0   0   0   0   0  
2021-04-23 20:43:36-      0   0   0   0   0   0   0   0  
2021-04-23 20:43:37-      0   0   0   0   0   0   0   0  
2021-04-23 20:43:38-      0   0   0   0   0   0   0   0  
2021-04-23 20:43:39-      0   0   0   0   0   0   0   0  
2021-04-23 20:43:40-      0   0   0   0   0   0   0   0  
2021-04-23 20:43:41-      0   0   0   0   0   0   0   0  
2021-04-23 20:43:42-      0   0   0   0   0   0   0   0  
2021-04-23 20:43:43-      0   0   0   0   0   0   0   0  
2021-04-23 20:43:44-      0   0   0   0   0   0   0   0  
2021-04-23 20:43:45-      0   0   0   0   0   0   0   0  
2021-04-23 20:43:46-      0   0   0   0   0   0   0   0  
2021-04-23 20:43:47-      0   0   0   0   0   0   0   0  
2021-04-23 20:43:48-      0   0   0   0   0   0   0   0  
2021-04-23 20:43:49-      0   0   0   0   0   0   0   0  
2021-04-23 20:43:50-      0   0   0   0   0   0   0   0  
2021-04-23 20:43:51-      0   0   0   0   0   0   0   0  
2021-04-23 20:43:52-      0   0   0   0   0   0   0   0  
2021-04-23 20:43:53-      0   0   0   0   0   0   0   0  
2021-04-23 20:43:54-      0   0   0   0   0   0   0   0  
2021-04-23 20:43:55-      0   0   0   0   0   0   0   0  
2021-04-23 20:43:56-      0   0   0   0   0   0   0   0  
2021-04-23 20:43:57-      0   0   0   0   0   0   0   0  
2021-04-23 20:43:59-      0   0   0   0   0   0   0   0  
2021-04-23 20:44:00-      0   0   0   0   0   0   0   0  
2021-04-23 20:44:01-      0   0   0   0   0   0   0   0  
2021-04-23 20:44:02-      0   0   0   0   0   0   0   0  
2021-04-23 20:44:03-      0   0   0   0   0   0   0   0  
2021-04-23 20:44:04-      0   0   0   0   0   0   0   0  
2021-04-23 20:44:05-      0   0   0   0   0   0   0   0  
2021-04-23 20:44:06-      0   0   0   0   0   0   0   0  
2021-04-23 20:44:07-      0   0   0   0   0   0   0   0  
2021-04-23 20:44:08-      0   0   0   0   0   0   0   0  
2021-04-23 20:44:09-      0   0   0   0   0   0   0   0  
2021-04-23 20:44:10-      0   0   0   0   0   0   0   0  
2021-04-23 20:44:11-      0   0   0   0   0   0   0   0  
2021-04-23 20:44:12-      0   0   0   0   0   0   0   0  
2021-04-23 20:44:13-      0   0   0   0   0   0   0   0  
2021-04-23 20:44:14-      0   0   0   0   0   0   0   0  
2021-04-23 20:44:15-      0   0   0   0   0   0   0   0  
2021-04-23 20:44:16-      0   0   0   0   0   0   0   0  
2021-04-23 20:44:17-      0   0   0   0   0   0   0   0  
2021-04-23 20:44:18-      0   0   0   0   0   0   0   0  
2021-04-23 20:44:19-      0   0   0   0   0   0   0   0  
2021-04-23 20:44:20-      0   0   0   0   0   0   0   0  
2021-04-23 20:44:21-      0   0   0   0   0   0   0   0  
2021-04-23 20:44:22-      0   0   0   0   0   0   0   0  
2021-04-23 20:44:23-      0   0   0   0   0   0   0   0  
2021-04-23 20:44:24-      0   0   0   0   0   0   0   0  
2021-04-23 20:44:25-      0   0   0   0   0   0   0   0  
2021-04-23 20:44:26-      0   0   0   0   0   0   0   0  
2021-04-23 20:44:27-      0   0   0   0   0   0   0   0  
2021-04-23 20:44:28-      0   0   0   0   0   0   0   0  
2021-04-23 20:44:29-      0   0   0   0   0   0   0   0  
2021-04-23 20:44:30-      0   0   0   0   0   0   0   0  
2021-04-23 20:44:31-      0   0   0   0   0   0   0   0  
2021-04-23 20:44:32-      0   0   0   0   0   0   0   0  
2021-04-23 20:44:33-      0   0   0   0   0   0   0   0  
2021-04-23 20:44:34-      0   0   0   0   0   0   0   0  
2021-04-23 20:44:35-      0   0   0   0   0   0   0   0  
2021-04-23 20:44:36-      0   0   0   0   0   0   0   0  
2021-04-23 20:44:37-      0   0   0   0   0   0   0   0  
2021-04-23 20:44:38-      0   0   0   0   0   0   0   0  
2021-04-23 20:44:39-      0   0   0   0   0   0   0   0  
2021-04-23 20:44:40-      0   0   0   0   0   0   0   0  
2021-04-23 20:44:41-      0   0   0   0   0   0   0   0  
2021-04-23 20:44:42-      0   0   0   0   0   0   0   0  
2021-04-23 20:44:43-      0   0   0   0   0   0   0   0  
2021-04-23 20:44:44-      0   0   0   0   0   0   0   0  
2021-04-23 20:44:45-      0   0   0   0   0   0   0   0  
2021-04-23 20:44:46-      0   0   0   0   0   0   0   0  
2021-04-23 20:44:47-      0   0   0   0   0   0   0   0  
2021-04-23 20:44:48-      0   0   0   0   0   0   0   0  
2021-04-23 20:44:49-      0   0   0   0   0   0   0   0  
2021-04-23 20:44:50-      0   0   0   0   0   0   0   0  
2021-04-23 20:44:51-      0   0   0   0   0   0   0   0  
2021-04-23 20:44:52-      0   0   0   0   0   0   0   0  
2021-04-23 20:44:53-      0   0   0   0   0   0   0   0  
2021-04-23 20:44:54-      0   0   0   0   0   0   0   0  
2021-04-23 20:44:55-      0   0   0   0   0   0   0   0  
2021-04-23 20:44:56-      0   0   0   0   0   0   0   0  
2021-04-23 20:44:57-      0   0   0   0   0   0   0   0  
2021-04-23 20:44:58-      0   0   0   0   0   0   0   0  
2021-04-23 20:44:59-      0   0   0   0   0   0   0   0  
2021-04-23 20:45:00-      0   0   0   0   0   0   0   0  
2021-04-23 20:45:01-      0   0   0   0   0   0   0   0  
2021-04-23 20:45:02-      0   0   0   0   0   0   0   0  
2021-04-23 20:45:03-      0   0   0   0   0   0   0   0  
2021-04-23 20:45:04-      0   0   0   0   0   0   0   0  
2021-04-23 20:45:05-      0   0   0   0   0   0   0   0  
2021-04-23 20:45:06-      0   0   0   0   0   0   0   0  
2021-04-23 20:45:07-      0   0   0   0   0   0   0   0  
2021-04-23 20:45:08-      0   0   0   0   0   0   0   0  
2021-04-23 20:45:09-      0   0   0   0   0   0   0   0  
2021-04-23 20:45:10-      0   0   0   0   0   0   0   0  
2021-04-23 20:45:11-      0   0   0   0   0   0   0   0  
2021-04-23 20:45:12-      0   0   0   0   0   0   0   0  
2021-04-23 20:45:13-      0   0   0   0   0   0   0   0  
2021-04-23 20:45:14-      0   0   0   0   0   0   0   0  
2021-04-23 20:45:15-      0   0   0   0   0   0   0   0  
2021-04-23 20:45:16-      0   0   0   0   0   0   0   0  
2021-04-23 20:45:17-      0   0   0   0   0   0   0   0  
2021-04-23 20:45:18-      0   0   0   0   0   0   0   0  
2021-04-23 20:45:19-      0   0   0   0   0   0   0   0  
2021-04-23 20:45:20-      0   0   0   0   0   0   0   0  
2021-04-23 20:45:21-      0   0   0   0   0   0   0   0  
2021-04-23 20:45:22-      0   0   0   0   0   0   0   0  
2021-04-23 20:45:23-      0   0   0   0   0   0   0   0  
2021-04-23 20:45:24-      0   0   0   0   0   0   0   0  
2021-04-23 20:45:25-      0   0   0   0   0   0   0   0  
2021-04-23 20:45:26-      0   0   0   0   0   0   0   0  
2021-04-23 20:45:27-      0   0   0   0   0   0   0   0  
2021-04-23 20:45:28-      0   0   0   0   0   0   0   0  
2021-04-23 20:45:29-      0   0   0   0   0   0   0   0  
2021-04-23 20:45:30-      0   0   0   0   0   0   0   0  
2021-04-23 20:45:31-      0   0   0   0   0   0   0   0  
2021-04-23 20:45:32-      0   0   0   0   0   0   0   0  
2021-04-23 20:45:33-      0   0   0   0   0   0   0   0  
2021-04-23 20:45:34-      0   0   0   0   0   0   0   0  
2021-04-23 20:45:35-      0   0   0   0   0   0   0   0  
2021-04-23 20:45:36-      0   0   0   0   0   0   0   0  
2021-04-23 20:45:37-      0   0   0   0   0   0   0   0  
2021-04-23 20:45:38-      0   0   0   0   0   0   0   0  
2021-04-23 20:45:39-      0   0   0   0   0   0   0   0  
2021-04-23 20:45:40-      0   0   0   0   0   0   0   0  
2021-04-23 20:45:41-      0   0   0   0   0   0   0   0  
2021-04-23 20:45:42-      0   0   0   0   0   0   0   0  
2021-04-23 20:45:43-      0   0   0   0   0   0   0   0  
2021-04-23 20:45:44-      0   0   0   0   0   0   0   0  
2021-04-23 20:45:45-      0   0   0   0   0   0   0   0  
2021-04-23 20:45:46-      0   0   0   0   0   0   0   0  
2021-04-23 20:45:47-      0   0   0   0   0   0   0   0  
2021-04-23 20:45:48-      0   0   0   0   0   0   0   0  
2021-04-23 20:45:49-      0   0   0   0   0   0   0   0  
2021-04-23 20:45:50-      0   0   0   0   0   0   0   0  
2021-04-23 20:45:51-      0   0   0   0   0   0   0   0  
2021-04-23 20:45:52-      0   0   0   0   0   0   0   0  
2021-04-23 20:45:53-      0   0   0   0   0   0   0   0  
2021-04-23 20:45:54-      0   0   0   0   0   0   0   0  
2021-04-23 20:45:55-      0   0   0   0   0   0   0   0  
2021-04-23 20:45:56-      0   0   0   0   0   0   0   0  
2021-04-23 20:45:57-      0   0   0   0   0   0   0   0  
2021-04-23 20:45:58-      0   0   0   0   0   0   0   0  
2021-04-23 20:45:59-      0   0   0   0   0   0   0   0  
2021-04-23 20:46:00-      0   0   0   0   0   0   0   0  
2021-04-23 20:46:01-      0   0   0   0   0   0   0   0  
2021-04-23 20:46:02-      0   0   0   0   0   0   0   0  
2021-04-23 20:46:03-      0   0   0   0   0   0   0   0  
2021-04-23 20:46:04-      0   0   0   0   0   0   0   0  
2021-04-23 20:46:05-      0   0   0   0   0   0   0   0  
2021-04-23 20:46:06-      0   0   0   0   0   0   0   0  
2021-04-23 20:46:07-      0   0   0   0   0   0   0   0  
2021-04-23 20:46:08-      0   0   0   0   0   0   0   0  
2021-04-23 20:46:09-      0   0   0   0   0   0   0   0  
2021-04-23 20:46:10-      0   0   0   0   0   0   0   0  
2021-04-23 20:46:11-      0   0   0   0   0   0   0   0  
2021-04-23 20:46:12-      0   0   0   0   0   0   0   0  
2021-04-23 20:46:13-      0   0   0   0   0   0   0   0  
2021-04-23 20:46:14-      0   0   0   0   0   0   0   0  
2021-04-23 20:46:15-      0   0   0   0   0   0   0   0  
2021-04-23 20:46:16-      0   0   0   0   0   0   0   0  
2021-04-23 20:46:17-      0   0   0   0   0   0   0   0  
2021-04-23 20:46:18-      0   0   0   0   0   0   0   0  
2021-04-23 20:46:19-      0   0   0   0   0   0   0   0  
2021-04-23 20:46:20-      0   0   0   0   0   0   0   0  
2021-04-23 20:46:21-      0   0   0   0   0   0   0   0  
2021-04-23 20:46:22-      0   0   0   0   0   0   0   0  
2021-04-23 20:46:23-      0   0   0   0   0   0   0   0  
2021-04-23 20:46:24-      0   0   0   0   0   0   0   0  
2021-04-23 20:46:25-      0   0   0   0   0   0   0   0  
2021-04-23 20:46:26-      0   0   0   0   0   0   0   0  
2021-04-23 20:46:27-      0   0   0   0   0   0   0   0  
2021-04-23 20:46:28-      0   0   0   0   0   0   0   0  
2021-04-23 20:46:29-      0   0   0   0   0   0   0   0  
2021-04-23 20:46:30-      0   0   0   0   0   0   0   0  
2021-04-23 20:46:31-      0   0   0   0   0   0   0   0  
2021-04-23 20:46:32-      0   0   0   0   0   0   0   0  
2021-04-23 20:46:33-      0   0   0   0   0   0   0   0  
2021-04-23 20:46:34-      0   0   0   0   0   0   0   0  
2021-04-23 20:46:35-      0   0   0   0   0   0   0   0  
2021-04-23 20:46:36-      0   0   0   0   0   0   0   0  
2021-04-23 20:46:37-      0   0   0   0   0   0   0   0  
2021-04-23 20:46:38-      0   0   0   0   0   0   0   0  
2021-04-23 20:46:39-      0   0   0   0   0   0   0   0  
2021-04-23 20:46:40-      0   0   0   0   0   0   0   0  
2021-04-23 20:46:41-      0   0   0   0   0   0   0   0  
2021-04-23 20:46:42-      0   0   0   0   0   0   0   0  
2021-04-23 20:46:43-      0   0   0   0   0   0   0   0  
2021-04-23 20:46:44-      0   0   0   0   0   0   0   0  
2021-04-23 20:46:45-      0   0   0   0   0   0   0   0  
2021-04-23 20:46:46-      0   0   0   0   0   0   0   0  
2021-04-23 20:46:47-      0   0   0   0   0   0   0   0  
2021-04-23 20:46:48-      0   0   0   0   0   0   0   0  
2021-04-23 20:46:49-      0   0   0   0   0   0   0   0  
2021-04-23 20:46:50-      0   0   0   0   0   0   0   0  
2021-04-23 20:46:51-      0   0   0   0   0   0   0   0  
2021-04-23 20:46:52-      0   0   0   0   0   0   0   0  
2021-04-23 20:46:53-      0   0   0   0   0   0   0   0  
2021-04-23 20:46:54-      0   0   0   0   0   0   0   0  
2021-04-23 20:46:55-      0   0   0   0   0   0   0   0  
2021-04-23 20:46:56-      0   0   0   0   0   0   0   0  
2021-04-23 20:46:57-      0   0   0   0   0   0   0   0  
2021-04-23 20:46:58-      0   0   0   0   0   0   0   0  
2021-04-23 20:46:59-      0   0   0   0   0   0   0   0  
2021-04-23 20:47:00-      0   0   0   0   0   0   0   0  
2021-04-23 20:47:01-      0   0   0   0   0   0   0   0  
2021-04-23 20:47:02-      0   0   0   0   0   0   0   0  
2021-04-23 20:47:03-      0   0   0   0   0   0   0   0  
2021-04-23 20:47:04-      0   0   0   0   0   0   0   0  
2021-04-23 20:47:05-      0   0   0   0   0   0   0   0  
2021-04-23 20:47:06-      0   0   0   0   0   0   0   0  
2021-04-23 20:47:07-      0   0   0   0   0   0   0   0  
2021-04-23 20:47:08-      0   0   0   0   0   0   0   0  
2021-04-23 20:47:09-      0   0   0   0   0   0   0   0  
2021-04-23 20:47:10-      0   0   0   0   0   0   0   0  
2021-04-23 20:47:11-      0   0   0   0   0   0   0   0  
2021-04-23 20:47:12-      0   0   0   0   0   0   0   0  
2021-04-23 20:47:13-      0   0   0   0   0   0   0   0  
2021-04-23 20:47:14-      0   0   0   0   0   0   0   0  
2021-04-23 20:47:15-      0   0   0   0   0   0   0   0  
2021-04-23 20:47:16-      0   0   0   0   0   0   0   0  
2021-04-23 20:47:17-      0   0   0   0   0   0   0   0  
2021-04-23 20:47:18-      0   0   0   0   0   0   0   0  
2021-04-23 20:47:19-      0   0   0   0   0   0   0   0  
2021-04-23 20:47:20-      0   0   0   0   0   0   0   0  
2021-04-23 20:47:21-      0   0   0   0   0   0   0   0  
2021-04-23 20:47:22-      0   0   0   0   0   0   0   0  
2021-04-23 20:47:23-      0   0   0   0   0   0   0   0  
2021-04-23 20:47:24-      0   0   0   0   0   0   0   0  
2021-04-23 20:47:25-      0   0   0   0   0   0   0   0  
2021-04-23 20:47:26-      0   0   0   0   0   0   0   0  
2021-04-23 20:47:27-      0   0   0   0   0   0   0   0  
2021-04-23 20:47:28-      0   0   0   0   0   0   0   0  
2021-04-23 20:47:29-      0   0   0   0   0   0   0   0  
2021-04-23 20:47:30-      0   0   0   0   0   0   0   0  
2021-04-23 20:47:31-      0   0   0   0   0   0   0   0  
2021-04-23 20:47:32-      0   0   0   0   0   0   0   0  
2021-04-23 20:47:33-      0   0   0   0   0   0   0   0  
2021-04-23 20:47:34-      0   0   0   0   0   0   0   0  
2021-04-23 20:47:35-      0   0   0   0   0   0   0   0  
2021-04-23 20:47:36-      0   0   0   0   0   0   0   0  
2021-04-23 20:47:37-      0   0   0   0   0   0   0   0  
2021-04-23 20:47:38-      0   0   0   0   0   0   0   0  
2021-04-23 20:47:39-      0   0   0   0   0   0   0   0  
2021-04-23 20:47:40-      0   0   0   0   0   0   0   0  
2021-04-23 20:47:41-      0   0   0   0   0   0   0   0  
2021-04-23 20:47:42-      0   0   0   0   0   0   0   0  
2021-04-23 20:47:43-      0   0   0   0   0   0   0   0  
2021-04-23 20:47:44-      0   0   0   0   0   0   0   0  
2021-04-23 20:47:45-      0   0   0   0   0   0   0   0  
2021-04-23 20:47:46-      0   0   0   0   0   0   0   0  
2021-04-23 20:47:47-      0   0   0   0   0   0   0   0  
2021-04-23 20:47:48-      0   0   0   0   0   0   0   0  
2021-04-23 20:47:49-      0   0   0   0   0   0   0   0  
2021-04-23 20:47:50-      0   0   0   0   0   0   0   0  
2021-04-23 20:47:51-      0   0   0   0   0   0   0   0  
2021-04-23 20:47:52-      0   0   0   0   0   0   0   0  
2021-04-23 20:47:53-      0   0   0   0   0   0   0   0  
2021-04-23 20:47:54-      0   0   0   0   0   0   0   0  
2021-04-23 20:47:55-      0   0   0   0   0   0   0   0  
2021-04-23 20:47:56-      0   0   0   0   0   0   0   0  
2021-04-23 20:47:57-      0   0   0   0   0   0   0   0  
2021-04-23 20:47:58-      0   0   0   0   0   0   0   0  
2021-04-23 20:47:59-      0   0   0   0   0   0   0   0  
2021-04-23 20:48:00-      0   0   0   0   0   0   0   0  
2021-04-23 20:48:01-      0   0   0   0   0   0   0   0  
2021-04-23 20:48:02-      0   0   0   0   0   0   0   0  
2021-04-23 20:48:03-      0   0   0   0   0   0   0   0  
2021-04-23 20:48:04-      0   0   0   0   0   0   0   0  
2021-04-23 20:48:05-      0   0   0   0   0   0   0   0  
2021-04-23 20:48:06-      0   0   0   0   0   0   0   0  
2021-04-23 20:48:07-      0   0   0   0   0   0   0   0  
2021-04-23 20:48:08-      0   0   0   0   0   0   0   0  
2021-04-23 20:48:09-      0   0   0   0   0   0   0   0  
2021-04-23 20:48:10-      0   0   0   0   0   0   0   0  
2021-04-23 20:48:11-      0   0   0   0   0   0   0   0  
2021-04-23 20:48:12-      0   0   0   0   0   0   0   0  
2021-04-23 20:48:13-      0   0   0   0   0   0   0   0  
2021-04-23 20:48:14-      0   0   0   0   0   0   0   0  
2021-04-23 20:48:15-      0   0   0   0   0   0   0   0  
2021-04-23 20:48:16-      0   0   0   0   0   0   0   0  
2021-04-23 20:48:17-      0   0   0   0   0   0   0   0  
2021-04-23 20:48:18-      0   0   0   0   0   0   0   0  
2021-04-23 20:48:19-      0   0   0   0   0   0   0   0  
2021-04-23 20:48:20-      0   0   0   0   0   0   0   0  
2021-04-23 20:48:21-      0   0   0   0   0   0   0   0  
2021-04-23 20:48:22-      0   0   0   0   0   0   0   0  
2021-04-23 20:48:23-      0   0   0   0   0   0   0   0  
2021-04-23 20:48:24-      0   0   0   0   0   0   0   0  
2021-04-23 20:48:25-      0   0   0   0   0   0   0   0  
2021-04-23 20:48:26-      0   0   0   0   0   0   0   0  
2021-04-23 20:48:27-      0   0   0   0   0   0   0   0  
2021-04-23 20:48:28-      0   0   0   0   0   0   0   0  
2021-04-23 20:48:29-      0   0   0   0   0   0   0   0  
2021-04-23 20:48:30-      0   0   0   0   0   0   0   0  
2021-04-23 20:48:31-      0   0   0   0   0   0   0   0  
2021-04-23 20:48:32-      0   0   0   0   0   0   0   0  
2021-04-23 20:48:33-      0   0   0   0   0   0   0   0  
2021-04-23 20:48:34-      0   0   0   0   0   0   0   0  
2021-04-23 20:48:36-      0   0   0   0   0   0   0   0  
2021-04-23 20:48:37-      0   0   0   0   0   0   0   0  
2021-04-23 20:48:38-      0   0   0   0   0   0   0   0  
2021-04-23 20:48:39-      0   0   0   0   0   0   0   0  
2021-04-23 20:48:40-      0   0   0   0   0   0   0   0  
2021-04-23 20:48:41-      0   0   0   0   0   0   0   0  
2021-04-23 20:48:42-      0   0   0   0   0   0   0   0  
2021-04-23 20:48:43-      0   0   0   0   0   0   0   0  
2021-04-23 20:48:44-      0   0   0   0   0   0   0   0  
2021-04-23 20:48:45-      0   0   0   0   0   0   0   0  
2021-04-23 20:48:46-      0   0   0   0   0   0   0   0  
2021-04-23 20:48:47-      0   0   0   0   0   0   0   0  
2021-04-23 20:48:48-      0   0   0   0   0   0   0   0  
2021-04-23 20:48:49-      0   0   0   0   0   0   0   0  
2021-04-23 20:48:50-      0   0   0   0   0   0   0   0  
2021-04-23 20:48:51-      0   0   0   0   0   0   0   0  
2021-04-23 20:48:52-      0   0   0   0   0   0   0   0  
2021-04-23 20:48:53-      0   0   0   0   0   0   0   0  
2021-04-23 20:48:54-      0   0   0   0   0   0   0   0  
2021-04-23 20:48:55-      0   0   0   0   0   0   0   0  
2021-04-23 20:48:56-      0   0   0   0   0   0   0   0  
2021-04-23 20:48:57-      0   0   0   0   0   0   0   0  
2021-04-23 20:48:58-      0   0   0   0   0   0   0   0  
2021-04-23 20:48:59-      0   0   0   0   0   0   0   0  
2021-04-23 20:49:00-      0   0   0   0   0   0   0   0  
2021-04-23 20:49:01-      0   0   0   0   0   0   0   0  
2021-04-23 20:49:02-      0   0   0   0   0   0   0   0  
2021-04-23 20:49:03-      0   0   0   0   0   0   0   0  
2021-04-23 20:49:04-      0   0   0   0   0   0   0   0  
2021-04-23 20:49:05-      0   0   0   0   0   0   0   0  
2021-04-23 20:49:06-      0   0   0   0   0   0   0   0  
2021-04-23 20:49:07-      0   0   0   0   0   0   0   0  
2021-04-23 20:49:08-      0   0   0   0   0   0   0   0  
2021-04-23 20:49:09-      0   0   0   0   0   0   0   0  
2021-04-23 20:49:10-      0   0   0   0   0   0   0   0  
2021-04-23 20:49:11-      0   0   0   0   0   0   0   0  
2021-04-23 20:49:12-      0   0   0   0   0   0   0   0  
2021-04-23 20:49:13-      0   0   0   0   0   0   0   0  
2021-04-23 20:49:14-      0   0   0   0   0   0   0   0  
2021-04-23 20:49:15-      0   0   0   0   0   0   0   0  
2021-04-23 20:49:16-      0   0   0   0   0   0   0   0  
2021-04-23 20:49:17-      0   0   0   0   0   0   0   0  
2021-04-23 20:49:18-      0   0   0   0   0   0   0   0  
2021-04-23 20:49:19-      0   0   0   0   0   0   0   0  
2021-04-23 20:49:20-      0   0   0   0   0   0   0   0  
2021-04-23 20:49:21-      0   0   0   0   0   0   0   0  
2021-04-23 20:49:22-      0   0   0   0   0   0   0   0  
2021-04-23 20:49:23-      0   0   0   0   0   0   0   0  
2021-04-23 20:49:24-      0   0   0   0   0   0   0   0  
2021-04-23 20:49:25-      0   0   0   0   0   0   0   0  
