# Date Time-Timezone Left1Motor Left2OppositeMotor Left3NotConnected Left4NotConnected Right1Motor Right2OppositeMotor Right3NotConnected Right4NotConnected
2021-05-10 14:06:43-      0   0   0   0   0   0   0   0  
2021-05-10 14:06:44-      0   0   0   0   0   0   0   0  
2021-05-10 14:06:45-      0   0   0   0   0   0   0   0  
2021-05-10 14:06:46-      0   0   0   0   0   0   0   0  
2021-05-10 14:06:47-      0   0   0   0   0   0   0   0  
2021-05-10 14:06:48-      0   0   0   0   0   0   0   0  
2021-05-10 14:06:49-      0   0   0   0   0   0   0   0  
2021-05-10 14:06:50-      0   0   0   0   0   0   0   0  
2021-05-10 14:06:51-      0   0   0   0   0   0   0   0  
2021-05-10 14:06:52-      0   0   0   0   0   0   0   0  
2021-05-10 14:06:53-      1   0   0   0   0   0   0   0  
2021-05-10 14:06:54-      0   0   0   0   0   0   0   0  
2021-05-10 14:06:55-      0   0   0   0   0   0   0   0  
2021-05-10 14:06:56-      0   1   0   0   0   0   0   0  
2021-05-10 14:06:57-      0   1   0   0   0   0   0   0  
2021-05-10 14:06:58-      0   0   0   0   0   0   0   0  
2021-05-10 14:06:59-      0   0   0   0   0   0   0   0  
2021-05-10 14:07:00-      0   0   0   0   0   0   0   0  
2021-05-10 14:07:01-      0   0   0   0   0   0   0   0  
2021-05-10 14:07:02-      0   0   0   0   0   0   0   0  
2021-05-10 14:07:03-      0   0   0   0   0   0   0   0  
2021-05-10 14:07:04-      0   0   0   0   0   0   0   0  
2021-05-10 14:07:05-      0   0   0   0   0   0   0   0  
2021-05-10 14:07:06-      0   0   0   0   0   0   0   0  
